# file opened: a001.asm
 1    0000                  DEVICE ZXSPECTRUM48
 2    0000
 3    0000                  org $8000
 4    8000
 5    8000 C3 08 80         jp start             ; jump over data to code (extended immediate)
 6    8003
 7    8003              string:
 8    8003 68 65 6C 6C      db "hello"
 8    8007 6F
 9    8008
10    8008              STRING_LENGTH  = 5
11    8008
12    8008              ROM_CLS        = $0DAF  ; ROM address for "Clear Screen" routine
13    8008              COLOR_ATTR     = $5800  ; start of color attribute memory
14    8008              ENTER          = $0D    ; Character code for Enter key
15    8008              BLACK_WHITE    = $47    ; black paper, white ink
16    8008
17    8008              start:
18    8008 ED 56            im 1                 ; Set interrupt mode to 1 (interrupt mode)
19    800A CD AF 0D         call ROM_CLS         ; Call clear screen routine from ROM (extended immediate)
20    800D 21 03 80         ld hl,string         ; HL = address of string (register,extended immediate)
21    8010 06 05            ld b,STRING_LENGTH   ; B = length of string (register,immediate)
22    8012
23    8012              loop:
24    8012 7E               ld a,(hl)            ; A = byte at address in HL (register,register indirect)
25    8013 D7               rst $10              ; print character code in A (modified page zero)
26    8014 23               inc hl               ; increment HL to address of next character (register)
27    8015 05               dec b                ; decrement B (register)
28    8016 20 FA            jr nz,loop           ; if B not zero, jump back to top of loop (condition,relative)
29    8018 3E 0D            ld a,ENTER           ; A = Enter character code (register,immediate)
30    801A D7               rst $10              ; print Enter for new line (modified page zero)
31    801B
32    801B 3E D6            ld a,$D6
33    801D 32 00 58         ld ($5800),a
34    8020 32 01 58         ld ($5801),a
35    8023 32 02 58         ld ($5802),a
36    8026 32 03 58         ld ($5803),a
37    8029 32 04 58         ld ($5804),a
38    802C
39    802C C9               ret
40    802D
41    802D              ; Deployment: Snapshot
42    802D                 SAVESNA "a001.sna", start
43    802D
# file closed: a001.asm
